Cocos2d: 
<dict>
	cocos2d.x.version: 2.2.1
	cocos2d.x.compiled_with_profiler: false
	cocos2d.x.compiled_with_gl_state_cache: true
	gl.vendor: Intel Inc.
	gl.renderer: Intel HD Graphics 4000 OpenGL Engine
	gl.version: 2.1 INTEL-8.18.26
	gl.max_texture_size: 16384
	gl.max_texture_units: 16
	gl.supports_PVRTC: false
	gl.supports_NPOT: true
	gl.supports_BGRA8888: false
	gl.supports_discard_framebuffer: false
	gl.supports_vertex_array_object: true
</dict>
Cocos2d: lua_loadChunksFromZIP() - load zip file: /Users/YI/Documents/cocos2d-xJob/quick-cocos2d-x/lib/framework_precompiled/framework_precompiled.zip
Cocos2d: lua_loadChunksFromZIP() - loaded chunks count: 54
Cocos2d: ------------------------------------------------
Cocos2d: LOAD LUA FILE: /Users/YI/Desktop/game01/scripts/main.lua
Cocos2d: ------------------------------------------------
Cocos2d: [0.0114] [INFO] 
Cocos2d: [0.0114] [INFO] # DEBUG                        = 2
Cocos2d: [0.0114] [INFO] #
Cocos2d: [0.0115] [INFO] # device.platform              = mac
Cocos2d: [0.0115] [INFO] # device.model                 = unknown
Cocos2d: [0.0115] [INFO] # device.language              = cn
Cocos2d: [0.0115] [INFO] # device.writablePath          = /Users/YI/Desktop/game01/
Cocos2d: [0.0116] [INFO] # device.cachePath             = /Users/YI/Desktop/game01/
Cocos2d: [0.0116] [INFO] # device.directorySeparator    = /
Cocos2d: [0.0116] [INFO] # device.pathSeparator         = :
Cocos2d: [0.0116] [INFO] #
Cocos2d: [0.0129] [INFO] # CONFIG_SCREEN_AUTOSCALE      = FIXED_WIDTH
Cocos2d: [0.0129] [INFO] # CONFIG_SCREEN_WIDTH          = 640.00
Cocos2d: [0.0129] [INFO] # CONFIG_SCREEN_HEIGHT         = 960.00
Cocos2d: [0.0129] [INFO] # display.widthInPixels        = 640.00
Cocos2d: [0.0129] [INFO] # display.heightInPixels       = 960.00
Cocos2d: [0.0129] [INFO] # display.contentScaleFactor   = 1.00
Cocos2d: [0.0129] [INFO] # display.width                = 640.00
Cocos2d: [0.0129] [INFO] # display.height               = 960.00
Cocos2d: [0.0129] [INFO] # display.cx                   = 320.00
Cocos2d: [0.0129] [INFO] # display.cy                   = 480.00
Cocos2d: [0.0129] [INFO] # display.left                 = 0.00
Cocos2d: [0.0129] [INFO] # display.right                = 640.00
Cocos2d: [0.0130] [INFO] # display.top                  = 960.00
Cocos2d: [0.0130] [INFO] # display.bottom               = 0.00
Cocos2d: [0.0130] [INFO] # display.c_left               = -320.00
Cocos2d: [0.0130] [INFO] # display.c_right              = 320.00
Cocos2d: [0.0130] [INFO] # display.c_top                = 480.00
Cocos2d: [0.0130] [INFO] # display.c_bottom             = -480.00
Cocos2d: [0.0130] [INFO] #
Cocos2d: [0.0999] [INFO] Scene "MainScene:onEnter()"
